<?xml version="1.0" encoding="UTF-8"?>
<!-- Generated by org.testng.reporters.JUnitReportReporter -->
<testsuite skipped="0" hostname="PUNE5CG73014DV" name="TestMaven.MavenTest1.NewTest" tests="1" failures="0" timestamp="17 Oct 2018 13:42:53 GMT" time="0.004" errors="0">
  <testcase name="f" time="0.004" classname="TestMaven.MavenTest1.NewTest"/>
</testsuite> <!-- TestMaven.MavenTest1.NewTest -->
